  pch.cpp
  UnitTest8.2.cpp
C:\Users\User\source\repos\UnitTest8.2\UnitTest8.2\UnitTest8.2.cpp(14,13): error C2065: string: необъявленный идентификатор
C:\Users\User\source\repos\UnitTest8.2\UnitTest8.2\UnitTest8.2.cpp(14,20): error C2146: синтаксическая ошибка: отсутствие ";" перед идентификатором "str"
C:\Users\User\source\repos\UnitTest8.2\UnitTest8.2\UnitTest8.2.cpp(14,20): error C2065: str: необъявленный идентификатор
C:\Users\User\source\repos\UnitTest8.2\UnitTest8.2\UnitTest8.2.cpp(15,13): error C2065: string: необъявленный идентификатор
C:\Users\User\source\repos\UnitTest8.2\UnitTest8.2\UnitTest8.2.cpp(15,20): error C2146: синтаксическая ошибка: отсутствие ";" перед идентификатором "expected"
C:\Users\User\source\repos\UnitTest8.2\UnitTest8.2\UnitTest8.2.cpp(15,20): error C2065: expected: необъявленный идентификатор
C:\Users\User\source\repos\UnitTest8.2\UnitTest8.2\UnitTest8.2.cpp(16,30): error C2065: expected: необъявленный идентификатор
C:\Users\User\source\repos\UnitTest8.2\UnitTest8.2\UnitTest8.2.cpp(16,49): error C2065: str: необъявленный идентификатор
C:\Users\User\source\repos\UnitTest8.2\UnitTest8.2\UnitTest8.2.cpp(16,40): error C3861: findWord: идентификатор не найден
C:\Users\User\source\repos\UnitTest8.2\UnitTest8.2\UnitTest8.2.cpp(20,13): error C2065: string: необъявленный идентификатор
C:\Users\User\source\repos\UnitTest8.2\UnitTest8.2\UnitTest8.2.cpp(20,20): error C2146: синтаксическая ошибка: отсутствие ";" перед идентификатором "str"
C:\Users\User\source\repos\UnitTest8.2\UnitTest8.2\UnitTest8.2.cpp(20,20): error C2065: str: необъявленный идентификатор
C:\Users\User\source\repos\UnitTest8.2\UnitTest8.2\UnitTest8.2.cpp(21,13): error C2065: string: необъявленный идентификатор
C:\Users\User\source\repos\UnitTest8.2\UnitTest8.2\UnitTest8.2.cpp(21,20): error C2146: синтаксическая ошибка: отсутствие ";" перед идентификатором "expected"
C:\Users\User\source\repos\UnitTest8.2\UnitTest8.2\UnitTest8.2.cpp(21,20): error C2065: expected: необъявленный идентификатор
C:\Users\User\source\repos\UnitTest8.2\UnitTest8.2\UnitTest8.2.cpp(22,30): error C2065: expected: необъявленный идентификатор
C:\Users\User\source\repos\UnitTest8.2\UnitTest8.2\UnitTest8.2.cpp(22,49): error C2065: str: необъявленный идентификатор
C:\Users\User\source\repos\UnitTest8.2\UnitTest8.2\UnitTest8.2.cpp(22,40): error C3861: findWord: идентификатор не найден
C:\Users\User\source\repos\UnitTest8.2\UnitTest8.2\UnitTest8.2.cpp(26,13): error C2065: string: необъявленный идентификатор
C:\Users\User\source\repos\UnitTest8.2\UnitTest8.2\UnitTest8.2.cpp(26,20): error C2146: синтаксическая ошибка: отсутствие ";" перед идентификатором "str"
C:\Users\User\source\repos\UnitTest8.2\UnitTest8.2\UnitTest8.2.cpp(26,20): error C2065: str: необъявленный идентификатор
C:\Users\User\source\repos\UnitTest8.2\UnitTest8.2\UnitTest8.2.cpp(27,13): error C2065: string: необъявленный идентификатор
C:\Users\User\source\repos\UnitTest8.2\UnitTest8.2\UnitTest8.2.cpp(27,20): error C2146: синтаксическая ошибка: отсутствие ";" перед идентификатором "expected"
C:\Users\User\source\repos\UnitTest8.2\UnitTest8.2\UnitTest8.2.cpp(27,20): error C2065: expected: необъявленный идентификатор
C:\Users\User\source\repos\UnitTest8.2\UnitTest8.2\UnitTest8.2.cpp(28,30): error C2065: expected: необъявленный идентификатор
C:\Users\User\source\repos\UnitTest8.2\UnitTest8.2\UnitTest8.2.cpp(28,49): error C2065: str: необъявленный идентификатор
C:\Users\User\source\repos\UnitTest8.2\UnitTest8.2\UnitTest8.2.cpp(28,40): error C3861: findWord: идентификатор не найден
C:\Users\User\source\repos\UnitTest8.2\UnitTest8.2\UnitTest8.2.cpp(32,13): error C2065: string: необъявленный идентификатор
C:\Users\User\source\repos\UnitTest8.2\UnitTest8.2\UnitTest8.2.cpp(32,20): error C2146: синтаксическая ошибка: отсутствие ";" перед идентификатором "str"
C:\Users\User\source\repos\UnitTest8.2\UnitTest8.2\UnitTest8.2.cpp(32,20): error C2065: str: необъявленный идентификатор
C:\Users\User\source\repos\UnitTest8.2\UnitTest8.2\UnitTest8.2.cpp(33,13): error C2065: string: необъявленный идентификатор
C:\Users\User\source\repos\UnitTest8.2\UnitTest8.2\UnitTest8.2.cpp(33,20): error C2146: синтаксическая ошибка: отсутствие ";" перед идентификатором "expected"
C:\Users\User\source\repos\UnitTest8.2\UnitTest8.2\UnitTest8.2.cpp(33,20): error C2065: expected: необъявленный идентификатор
C:\Users\User\source\repos\UnitTest8.2\UnitTest8.2\UnitTest8.2.cpp(34,30): error C2065: expected: необъявленный идентификатор
C:\Users\User\source\repos\UnitTest8.2\UnitTest8.2\UnitTest8.2.cpp(34,49): error C2065: str: необъявленный идентификатор
C:\Users\User\source\repos\UnitTest8.2\UnitTest8.2\UnitTest8.2.cpp(34,40): error C3861: findWord: идентификатор не найден
C:\Users\User\source\repos\UnitTest8.2\UnitTest8.2\UnitTest8.2.cpp(38,13): error C2065: string: необъявленный идентификатор
C:\Users\User\source\repos\UnitTest8.2\UnitTest8.2\UnitTest8.2.cpp(38,20): error C2146: синтаксическая ошибка: отсутствие ";" перед идентификатором "str"
C:\Users\User\source\repos\UnitTest8.2\UnitTest8.2\UnitTest8.2.cpp(38,20): error C2065: str: необъявленный идентификатор
C:\Users\User\source\repos\UnitTest8.2\UnitTest8.2\UnitTest8.2.cpp(39,13): error C2065: string: необъявленный идентификатор
C:\Users\User\source\repos\UnitTest8.2\UnitTest8.2\UnitTest8.2.cpp(39,20): error C2146: синтаксическая ошибка: отсутствие ";" перед идентификатором "expected"
C:\Users\User\source\repos\UnitTest8.2\UnitTest8.2\UnitTest8.2.cpp(39,20): error C2065: expected: необъявленный идентификатор
C:\Users\User\source\repos\UnitTest8.2\UnitTest8.2\UnitTest8.2.cpp(40,30): error C2065: expected: необъявленный идентификатор
C:\Users\User\source\repos\UnitTest8.2\UnitTest8.2\UnitTest8.2.cpp(40,49): error C2065: str: необъявленный идентификатор
C:\Users\User\source\repos\UnitTest8.2\UnitTest8.2\UnitTest8.2.cpp(40,40): error C3861: findWord: идентификатор не найден
C:\Users\User\source\repos\UnitTest8.2\UnitTest8.2\UnitTest8.2.cpp(44,13): error C2065: string: необъявленный идентификатор
C:\Users\User\source\repos\UnitTest8.2\UnitTest8.2\UnitTest8.2.cpp(44,20): error C2146: синтаксическая ошибка: отсутствие ";" перед идентификатором "str"
C:\Users\User\source\repos\UnitTest8.2\UnitTest8.2\UnitTest8.2.cpp(44,20): error C2065: str: необъявленный идентификатор
C:\Users\User\source\repos\UnitTest8.2\UnitTest8.2\UnitTest8.2.cpp(45,13): error C2065: string: необъявленный идентификатор
C:\Users\User\source\repos\UnitTest8.2\UnitTest8.2\UnitTest8.2.cpp(45,20): error C2146: синтаксическая ошибка: отсутствие ";" перед идентификатором "expected"
C:\Users\User\source\repos\UnitTest8.2\UnitTest8.2\UnitTest8.2.cpp(45,20): error C2065: expected: необъявленный идентификатор
C:\Users\User\source\repos\UnitTest8.2\UnitTest8.2\UnitTest8.2.cpp(46,30): error C2065: expected: необъявленный идентификатор
C:\Users\User\source\repos\UnitTest8.2\UnitTest8.2\UnitTest8.2.cpp(46,49): error C2065: str: необъявленный идентификатор
C:\Users\User\source\repos\UnitTest8.2\UnitTest8.2\UnitTest8.2.cpp(46,40): error C3861: findWord: идентификатор не найден
C:\Users\User\source\repos\UnitTest8.2\UnitTest8.2\UnitTest8.2.cpp(50,13): error C2065: string: необъявленный идентификатор
C:\Users\User\source\repos\UnitTest8.2\UnitTest8.2\UnitTest8.2.cpp(50,20): error C2146: синтаксическая ошибка: отсутствие ";" перед идентификатором "str"
C:\Users\User\source\repos\UnitTest8.2\UnitTest8.2\UnitTest8.2.cpp(50,20): error C2065: str: необъявленный идентификатор
C:\Users\User\source\repos\UnitTest8.2\UnitTest8.2\UnitTest8.2.cpp(51,13): error C2065: string: необъявленный идентификатор
C:\Users\User\source\repos\UnitTest8.2\UnitTest8.2\UnitTest8.2.cpp(51,20): error C2146: синтаксическая ошибка: отсутствие ";" перед идентификатором "expected"
C:\Users\User\source\repos\UnitTest8.2\UnitTest8.2\UnitTest8.2.cpp(51,20): error C2065: expected: необъявленный идентификатор
C:\Users\User\source\repos\UnitTest8.2\UnitTest8.2\UnitTest8.2.cpp(52,30): error C2065: expected: необъявленный идентификатор
C:\Users\User\source\repos\UnitTest8.2\UnitTest8.2\UnitTest8.2.cpp(52,49): error C2065: str: необъявленный идентификатор
C:\Users\User\source\repos\UnitTest8.2\UnitTest8.2\UnitTest8.2.cpp(52,40): error C3861: findWord: идентификатор не найден
C:\Users\User\source\repos\UnitTest8.2\UnitTest8.2\UnitTest8.2.cpp(56,13): error C2065: string: необъявленный идентификатор
C:\Users\User\source\repos\UnitTest8.2\UnitTest8.2\UnitTest8.2.cpp(56,20): error C2146: синтаксическая ошибка: отсутствие ";" перед идентификатором "str"
C:\Users\User\source\repos\UnitTest8.2\UnitTest8.2\UnitTest8.2.cpp(56,20): error C2065: str: необъявленный идентификатор
C:\Users\User\source\repos\UnitTest8.2\UnitTest8.2\UnitTest8.2.cpp(57,13): error C2065: string: необъявленный идентификатор
C:\Users\User\source\repos\UnitTest8.2\UnitTest8.2\UnitTest8.2.cpp(57,20): error C2146: синтаксическая ошибка: отсутствие ";" перед идентификатором "expected"
C:\Users\User\source\repos\UnitTest8.2\UnitTest8.2\UnitTest8.2.cpp(57,20): error C2065: expected: необъявленный идентификатор
C:\Users\User\source\repos\UnitTest8.2\UnitTest8.2\UnitTest8.2.cpp(58,30): error C2065: expected: необъявленный идентификатор
C:\Users\User\source\repos\UnitTest8.2\UnitTest8.2\UnitTest8.2.cpp(58,49): error C2065: str: необъявленный идентификатор
C:\Users\User\source\repos\UnitTest8.2\UnitTest8.2\UnitTest8.2.cpp(58,40): error C3861: findWord: идентификатор не найден
C:\Users\User\source\repos\UnitTest8.2\UnitTest8.2\UnitTest8.2.cpp(62,13): error C2065: string: необъявленный идентификатор
C:\Users\User\source\repos\UnitTest8.2\UnitTest8.2\UnitTest8.2.cpp(62,20): error C2146: синтаксическая ошибка: отсутствие ";" перед идентификатором "str"
C:\Users\User\source\repos\UnitTest8.2\UnitTest8.2\UnitTest8.2.cpp(62,20): error C2065: str: необъявленный идентификатор
C:\Users\User\source\repos\UnitTest8.2\UnitTest8.2\UnitTest8.2.cpp(63,13): error C2065: string: необъявленный идентификатор
C:\Users\User\source\repos\UnitTest8.2\UnitTest8.2\UnitTest8.2.cpp(63,20): error C2146: синтаксическая ошибка: отсутствие ";" перед идентификатором "expected"
C:\Users\User\source\repos\UnitTest8.2\UnitTest8.2\UnitTest8.2.cpp(63,20): error C2065: expected: необъявленный идентификатор
C:\Users\User\source\repos\UnitTest8.2\UnitTest8.2\UnitTest8.2.cpp(64,30): error C2065: expected: необъявленный идентификатор
C:\Users\User\source\repos\UnitTest8.2\UnitTest8.2\UnitTest8.2.cpp(64,49): error C2065: str: необъявленный идентификатор
C:\Users\User\source\repos\UnitTest8.2\UnitTest8.2\UnitTest8.2.cpp(64,40): error C3861: findWord: идентификатор не найден
C:\Users\User\source\repos\UnitTest8.2\UnitTest8.2\UnitTest8.2.cpp(68,13): error C2065: string: необъявленный идентификатор
C:\Users\User\source\repos\UnitTest8.2\UnitTest8.2\UnitTest8.2.cpp(68,20): error C2146: синтаксическая ошибка: отсутствие ";" перед идентификатором "str"
C:\Users\User\source\repos\UnitTest8.2\UnitTest8.2\UnitTest8.2.cpp(68,20): error C2065: str: необъявленный идентификатор
C:\Users\User\source\repos\UnitTest8.2\UnitTest8.2\UnitTest8.2.cpp(69,13): error C2065: string: необъявленный идентификатор
C:\Users\User\source\repos\UnitTest8.2\UnitTest8.2\UnitTest8.2.cpp(69,20): error C2146: синтаксическая ошибка: отсутствие ";" перед идентификатором "expected"
C:\Users\User\source\repos\UnitTest8.2\UnitTest8.2\UnitTest8.2.cpp(69,20): error C2065: expected: необъявленный идентификатор
C:\Users\User\source\repos\UnitTest8.2\UnitTest8.2\UnitTest8.2.cpp(70,30): error C2065: expected: необъявленный идентификатор
C:\Users\User\source\repos\UnitTest8.2\UnitTest8.2\UnitTest8.2.cpp(70,49): error C2065: str: необъявленный идентификатор
C:\Users\User\source\repos\UnitTest8.2\UnitTest8.2\UnitTest8.2.cpp(70,40): error C3861: findWord: идентификатор не найден
